2025-12-05T00:17:46.936+03:00  WARN 26536 --- [country] [HikariPool-1:housekeeper] com.zaxxer.hikari.pool.HikariPool        : HikariPool-1 - Thread starvation or clock leap detected (housekeeper delta=1h46m7s140ms91µs300ns).
2025-12-05T10:29:28.509+03:00  WARN 26536 --- [country] [HikariPool-1:housekeeper] com.zaxxer.hikari.pool.HikariPool        : HikariPool-1 - Thread starvation or clock leap detected (housekeeper delta=10h11m46s602ms768µs300ns).
2025-12-05T11:10:36.234+03:00  INFO 26536 --- [country] [http-nio-8088-exec-2] r.s.country.controller.VisitController   : Called post add
2025-12-05T11:10:36.329+03:00 DEBUG 26536 --- [country] [http-nio-8088-exec-2] org.hibernate.SQL                        : select count(*) from users ue1_0 where ue1_0.id=?
2025-12-05T11:10:36.378+03:00 DEBUG 26536 --- [country] [http-nio-8088-exec-2] org.hibernate.SQL                        : select ve1_0.id,ve1_0.archived,ve1_0.country,ve1_0.last_modify_date,ve1_0.rating,ve1_0.user_id from visit ve1_0 where ve1_0.id=?
2025-12-05T11:10:36.399+03:00  INFO 26536 --- [country] [http-nio-8088-exec-2] r.sentidas.country.service.VisitService  : Created visit d48fd5f4-c51e-40b3-aefb-77c37bb16e45 for user 0e356b1b-04e7-463a-9afd-10d0bf3cc691
2025-12-05T11:10:36.416+03:00 DEBUG 26536 --- [country] [http-nio-8088-exec-2] org.hibernate.SQL                        : insert into visit (archived,country,last_modify_date,rating,user_id,id) values (?,?,?,?,?,?)
2025-12-05T11:10:54.244+03:00  INFO 26536 --- [country] [SpringApplicationShutdownHook] o.s.b.w.e.tomcat.GracefulShutdown        : Commencing graceful shutdown. Waiting for active requests to complete
2025-12-05T11:10:54.292+03:00  INFO 26536 --- [country] [tomcat-shutdown] o.s.b.w.e.tomcat.GracefulShutdown        : Graceful shutdown complete
2025-12-05T11:10:54.426+03:00  INFO 26536 --- [country] [SpringApplicationShutdownHook] j.LocalContainerEntityManagerFactoryBean : Closing JPA EntityManagerFactory for persistence unit 'default'
2025-12-05T11:10:54.516+03:00  INFO 26536 --- [country] [SpringApplicationShutdownHook] com.zaxxer.hikari.HikariDataSource       : HikariPool-1 - Shutdown initiated...
2025-12-05T11:10:54.539+03:00  INFO 26536 --- [country] [SpringApplicationShutdownHook] com.zaxxer.hikari.HikariDataSource       : HikariPool-1 - Shutdown completed.
2025-12-05T14:15:43.312+03:00  INFO 2880 --- [country] [main] ru.sentidas.country.CountryApplication   : Starting CountryApplication using Java 21.0.6 with PID 2880 (C:\Users\user\projects\2025\visit2\country\build\classes\java\main started by user in C:\Users\user\projects\2025\visit2)
2025-12-05T14:15:43.314+03:00 DEBUG 2880 --- [country] [main] ru.sentidas.country.CountryApplication   : Running with Spring Boot v3.5.8, Spring v6.2.14
2025-12-05T14:15:43.314+03:00  INFO 2880 --- [country] [main] ru.sentidas.country.CountryApplication   : The following 1 profile is active: "local"
2025-12-05T14:15:44.175+03:00  INFO 2880 --- [country] [main] .s.d.r.c.RepositoryConfigurationDelegate : Bootstrapping Spring Data JPA repositories in DEFAULT mode.
2025-12-05T14:15:44.214+03:00  INFO 2880 --- [country] [main] .s.d.r.c.RepositoryConfigurationDelegate : Finished Spring Data repository scanning in 32 ms. Found 2 JPA repository interfaces.
2025-12-05T14:15:44.588+03:00  INFO 2880 --- [country] [main] o.s.b.w.embedded.tomcat.TomcatWebServer  : Tomcat initialized with port 8088 (http)
2025-12-05T14:15:44.601+03:00  INFO 2880 --- [country] [main] o.apache.catalina.core.StandardService   : Starting service [Tomcat]
2025-12-05T14:15:44.601+03:00  INFO 2880 --- [country] [main] o.apache.catalina.core.StandardEngine    : Starting Servlet engine: [Apache Tomcat/10.1.49]
2025-12-05T14:15:44.657+03:00  INFO 2880 --- [country] [main] o.a.c.c.C.[Tomcat].[localhost].[/]       : Initializing Spring embedded WebApplicationContext
2025-12-05T14:15:44.657+03:00  INFO 2880 --- [country] [main] w.s.c.ServletWebServerApplicationContext : Root WebApplicationContext: initialization completed in 1311 ms
2025-12-05T14:15:44.911+03:00  WARN 2880 --- [country] [main] com.zaxxer.hikari.HikariConfig           : HikariPool-1 - maxLifetime is less than 30000ms, setting to default 1800000ms.
2025-12-05T14:15:44.912+03:00  INFO 2880 --- [country] [main] com.zaxxer.hikari.HikariDataSource       : HikariPool-1 - Starting...
2025-12-05T14:15:45.344+03:00  INFO 2880 --- [country] [main] com.zaxxer.hikari.pool.HikariPool        : HikariPool-1 - Added connection com.mysql.cj.jdbc.ConnectionImpl@40a28bda
2025-12-05T14:15:45.346+03:00  INFO 2880 --- [country] [main] com.zaxxer.hikari.HikariDataSource       : HikariPool-1 - Start completed.
2025-12-05T14:15:45.413+03:00  INFO 2880 --- [country] [main] org.flywaydb.core.FlywayExecutor         : Database: jdbc:mysql://127.0.0.1:3306/country?serverTimezone=UTC&createDatabaseIfNotExist=true (MySQL 8.0)
2025-12-05T14:15:45.492+03:00  INFO 2880 --- [country] [main] o.f.core.internal.command.DbValidate     : Successfully validated 1 migration (execution time 00:00.042s)
2025-12-05T14:15:45.515+03:00  INFO 2880 --- [country] [main] o.f.core.internal.command.DbMigrate      : Current version of schema `country`: 1
2025-12-05T14:15:45.520+03:00  INFO 2880 --- [country] [main] o.f.core.internal.command.DbMigrate      : Schema `country` is up to date. No migration necessary.
2025-12-05T14:15:45.642+03:00  INFO 2880 --- [country] [main] o.hibernate.jpa.internal.util.LogHelper  : HHH000204: Processing PersistenceUnitInfo [name: default]
2025-12-05T14:15:45.707+03:00  INFO 2880 --- [country] [main] org.hibernate.Version                    : HHH000412: Hibernate ORM core version 6.6.36.Final
2025-12-05T14:15:45.761+03:00  INFO 2880 --- [country] [main] o.h.c.internal.RegionFactoryInitiator    : HHH000026: Second-level cache disabled
2025-12-05T14:15:46.201+03:00  INFO 2880 --- [country] [main] o.s.o.j.p.SpringPersistenceUnitInfo      : No LoadTimeWeaver setup: ignoring JPA class transformer
2025-12-05T14:15:46.309+03:00  INFO 2880 --- [country] [main] org.hibernate.orm.connections.pooling    : HHH10001005: Database info:
	Database JDBC URL [Connecting through datasource 'HikariDataSource (HikariPool-1)']
	Database driver: undefined/unknown
	Database version: 8.0.43
	Autocommit mode: undefined/unknown
	Isolation level: undefined/unknown
	Minimum pool size: undefined/unknown
	Maximum pool size: undefined/unknown
2025-12-05T14:15:47.879+03:00  INFO 2880 --- [country] [main] o.h.e.t.j.p.i.JtaPlatformInitiator       : HHH000489: No JTA platform available (set 'hibernate.transaction.jta.platform' to enable JTA platform integration)
2025-12-05T14:15:47.883+03:00  INFO 2880 --- [country] [main] j.LocalContainerEntityManagerFactoryBean : Initialized JPA EntityManagerFactory for persistence unit 'default'
2025-12-05T14:15:48.300+03:00  INFO 2880 --- [country] [main] o.s.d.j.r.query.QueryEnhancerFactory     : Hibernate is in classpath; If applicable, HQL parser will be used.
2025-12-05T14:15:49.115+03:00  WARN 2880 --- [country] [main] JpaBaseConfiguration$JpaWebConfiguration : spring.jpa.open-in-view is enabled by default. Therefore, database queries may be performed during view rendering. Explicitly configure spring.jpa.open-in-view to disable this warning
2025-12-05T14:15:49.679+03:00  INFO 2880 --- [country] [main] o.s.b.a.e.web.EndpointLinksResolver      : Exposing 1 endpoint beneath base path '/actuator'
2025-12-05T14:15:49.751+03:00  INFO 2880 --- [country] [main] o.s.b.w.embedded.tomcat.TomcatWebServer  : Tomcat started on port 8088 (http) with context path '/'
2025-12-05T14:15:49.760+03:00  INFO 2880 --- [country] [main] ru.sentidas.country.CountryApplication   : Started CountryApplication in 6.975 seconds (process running for 16.843)
2025-12-05T14:17:32.362+03:00  INFO 2880 --- [country] [http-nio-8088-exec-1] o.a.c.c.C.[Tomcat].[localhost].[/]       : Initializing Spring DispatcherServlet 'dispatcherServlet'
2025-12-05T14:17:32.363+03:00  INFO 2880 --- [country] [http-nio-8088-exec-1] o.s.web.servlet.DispatcherServlet        : Initializing Servlet 'dispatcherServlet'
2025-12-05T14:17:32.366+03:00  INFO 2880 --- [country] [http-nio-8088-exec-1] o.s.web.servlet.DispatcherServlet        : Completed initialization in 3 ms
2025-12-05T14:17:32.548+03:00  INFO 2880 --- [country] [http-nio-8088-exec-1] r.s.country.controller.VisitController   : Called post add
2025-12-05T14:17:32.691+03:00 DEBUG 2880 --- [country] [http-nio-8088-exec-1] org.hibernate.SQL                        : select count(*) from users ue1_0 where ue1_0.id=?
2025-12-05T14:17:32.745+03:00 DEBUG 2880 --- [country] [http-nio-8088-exec-1] org.hibernate.SQL                        : select ve1_0.id,ve1_0.archived,ve1_0.country,ve1_0.last_modify_date,ve1_0.rating,ve1_0.user_id from visit ve1_0 where ve1_0.id=?
2025-12-05T14:17:32.787+03:00  INFO 2880 --- [country] [http-nio-8088-exec-1] r.sentidas.country.service.VisitService  : Created visit 34ab7146-c706-43d4-863b-49faa8cb917a for user 0e356b1b-04e7-463a-9afd-10d0bf3cc691
2025-12-05T14:17:32.815+03:00 DEBUG 2880 --- [country] [http-nio-8088-exec-1] org.hibernate.SQL                        : insert into visit (archived,country,last_modify_date,rating,user_id,id) values (?,?,?,?,?,?)
2025-12-05T14:33:34.481+03:00  INFO 2880 --- [country] [SpringApplicationShutdownHook] o.s.b.w.e.tomcat.GracefulShutdown        : Commencing graceful shutdown. Waiting for active requests to complete
2025-12-05T14:33:34.488+03:00  INFO 2880 --- [country] [tomcat-shutdown] o.s.b.w.e.tomcat.GracefulShutdown        : Graceful shutdown complete
2025-12-05T14:33:34.497+03:00  INFO 2880 --- [country] [SpringApplicationShutdownHook] j.LocalContainerEntityManagerFactoryBean : Closing JPA EntityManagerFactory for persistence unit 'default'
2025-12-05T14:33:34.500+03:00  INFO 2880 --- [country] [SpringApplicationShutdownHook] com.zaxxer.hikari.HikariDataSource       : HikariPool-1 - Shutdown initiated...
2025-12-05T14:33:34.509+03:00  INFO 2880 --- [country] [SpringApplicationShutdownHook] com.zaxxer.hikari.HikariDataSource       : HikariPool-1 - Shutdown completed.
